<?xml version="1.0" encoding="UTF-8"?>
<!-- Generated by org.testng.reporters.JUnitReportReporter -->
<testsuite hostname="CSPC182" name="ABCD.ABCD.LOGIN" tests="1" failures="0" timestamp="10 Mar 2022 10:21:35 GMT" time="0.014" errors="0">
  <testcase name="test" time="0.014" classname="ABCD.ABCD.LOGIN"/>
</testsuite> <!-- ABCD.ABCD.LOGIN -->
